#
# A fatal error has been detected by the Java Runtime Environment:
#
#  EXCEPTION_ACCESS_VIOLATION (0xc0000005) at pc=0x0000000180005b00, pid=130612, tid=0x000000000001ad74
#
# JRE version: Java(TM) SE Runtime Environment (8.0_261-b12) (build 1.8.0_261-b12)
# Java VM: Java HotSpot(TM) 64-Bit Server VM (25.261-b12 mixed mode windows-amd64 compressed oops)
# Problematic frame:
# C  [rxtxSerial-amd64-2.2.2.dll+0x5b00]
#
# Failed to write core dump. Minidumps are not enabled by default on client versions of Windows
#
# If you would like to submit a bug report, please visit:
#   http://bugreport.java.com/bugreport/crash.jsp
# The crash happened outside the Java Virtual Machine in native code.
# See problematic frame for where to report the bug.
#

---------------  T H R E A D  ---------------

Current thread (0x00000169a118d800):  JavaThread "Thread-4" daemon [_thread_in_native, id=109940, stack(0x00000048f0f00000,0x00000048f1000000)]

siginfo: ExceptionCode=0xc0000005, reading address 0xfffffffff0ffedc8

Registers:
RAX=0x0000000000000001, RBX=0x0000000000000000, RCX=0x000000018001d4d5, RDX=0xfffffffffffff665
RSP=0x00000048f0ffe310, RBP=0x00000000ffffffff, RSI=0x0000000000000000, RDI=0x00000169a118d9f8
R8 =0x0000000000000002, R9 =0xfffffffffffff63c, R10=0x00000000000000d8, R11=0x8101010101010100
R12=0xfffffffff0ffedc0, R13=0x000000000000000b, R14=0x00000048f0ffe4f8, R15=0x0000000000000000
RIP=0x0000000180005b00, EFLAGS=0x0000000000010202

Top of Stack: (sp=0x00000048f0ffe310)
0x00000048f0ffe310:   0000000000000000 fffffffff0ffedc0
0x00000048f0ffe320:   0000000000000000 0000000000000000
0x00000048f0ffe330:   0000000000000000 00000048f0ffe4f8
0x00000048f0ffe340:   000001699e59c538 0000000000000001
0x00000048f0ffe350:   00000169a118d9f8 000000000000000b
0x00000048f0ffe360:   ffffffffffffffff 0000000180006211
0x00000048f0ffe370:   00000169a19b1100 ffffffffffffffff
0x00000048f0ffe380:   0000000000000001 00000169a19b1100
0x00000048f0ffe390:   000001690000000b 00000048ffffffff
0x00000048f0ffe3a0:   00000048f0ffe500 000000005b5428eb
0x00000048f0ffe3b0:   00000048f0ffe3e0 0000000000000000
0x00000048f0ffe3c0:   000000000000002f 00000169a14c7960
0x00000048f0ffe3d0:   000001699e59c540 00000169a118d800
0x00000048f0ffe3e0:   000001699e59c540 0000ebf0cab36d24
0x00000048f0ffe3f0:   00000169859e7dc0 000001699e59c538
0x00000048f0ffe400:   00000169a118d800 00000048f0ffe500 

Instructions: (pc=0x0000000180005b00)
0x0000000180005ae0:   15 23 7a 01 00 48 8d 48 60 e8 3a 5d 00 00 4c 8b
0x0000000180005af0:   e5 8b ac 24 88 00 00 00 44 8b ac 24 80 00 00 00
0x0000000180005b00:   45 8b 74 24 08 41 89 5c 24 08 41 8b fd 85 ed 78
0x0000000180005b10:   09 ff 15 e9 14 01 00 44 8b f8 45 85 ed 7e 4a 90 


Register to memory mapping:

RAX=0x0000000000000001 is an unknown value
RBX=0x0000000000000000 is an unknown value
RCX=0x000000018001d4d5 is an unknown value
RDX=0xfffffffffffff665 is an unknown value
RSP=0x00000048f0ffe310 is pointing into the stack for thread: 0x00000169a118d800
RBP=0x00000000ffffffff is an unknown value
RSI=0x0000000000000000 is an unknown value
RDI=0x00000169a118d9f8 is an unknown value
R8 =0x0000000000000002 is an unknown value
R9 =0xfffffffffffff63c is an unknown value
R10=0x00000000000000d8 is an unknown value
R11=0x8101010101010100 is an unknown value
R12=0xfffffffff0ffedc0 is an unknown value
R13=0x000000000000000b is an unknown value
R14=0x00000048f0ffe4f8 is pointing into the stack for thread: 0x00000169a118d800
R15=0x0000000000000000 is an unknown value


Stack: [0x00000048f0f00000,0x00000048f1000000],  sp=0x00000048f0ffe310,  free space=1016k
Native frames: (J=compiled Java code, j=interpreted, Vv=VM code, C=native code)
C  [rxtxSerial-amd64-2.2.2.dll+0x5b00]
C  [rxtxSerial-amd64-2.2.2.dll+0x6211]
C  0x00000169859f9f4e

Java frames: (J=compiled Java code, j=interpreted, Vv=VM code)
j  gnu.io.RXTXPort.readArray([BII)I+0
j  gnu.io.RXTXPort$SerialInputStream.read([BII)I+298
j  gnu.io.RXTXPort$SerialInputStream.read([B)I+91
j  com.acg.util.SerialTool.readFromPort(Lgnu/io/SerialPort;)[B+21
j  com.acg.app.DataViewApp$SerialListener.serialEvent(Lgnu/io/SerialPortEvent;)V+73
j  gnu.io.RXTXPort.sendEvent(IZ)Z+806
v  ~StubRoutines::call_stub
j  gnu.io.RXTXPort.eventLoop()V+0
j  gnu.io.RXTXPort$MonitorThread.run()V+20
v  ~StubRoutines::call_stub

---------------  P R O C E S S  ---------------

Java Threads: ( => current thread )
  0x00000169a17ff800 JavaThread "Image Fetcher 0" daemon [_thread_blocked, id=125188, stack(0x00000048f1000000,0x00000048f1100000)]
=>0x00000169a118d800 JavaThread "Thread-4" daemon [_thread_in_native, id=109940, stack(0x00000048f0f00000,0x00000048f1000000)]
  0x0000016983f8b800 JavaThread "DestroyJavaVM" [_thread_blocked, id=123296, stack(0x00000048f1200000,0x00000048f1300000)]
  0x00000169a1406800 JavaThread "Thread-3" [_thread_in_native, id=130584, stack(0x00000048f2d00000,0x00000048f2e00000)]
  0x00000169a110a000 JavaThread "AWT-EventQueue-0" [_thread_blocked, id=118828, stack(0x00000048f2c00000,0x00000048f2d00000)]
  0x00000169a1484000 JavaThread "AWT-Shutdown" [_thread_blocked, id=129772, stack(0x00000048f2a00000,0x00000048f2b00000)]
  0x00000169a1485800 JavaThread "AWT-Windows" daemon [_thread_in_native, id=130760, stack(0x00000048f2b00000,0x00000048f2c00000)]
  0x00000169a147e000 JavaThread "Java2D Disposer" daemon [_thread_blocked, id=125204, stack(0x00000048f2900000,0x00000048f2a00000)]
  0x00000169a1081000 JavaThread "Service Thread" daemon [_thread_blocked, id=114840, stack(0x00000048f2700000,0x00000048f2800000)]
  0x00000169a0fc8800 JavaThread "C1 CompilerThread3" daemon [_thread_blocked, id=129028, stack(0x00000048f2600000,0x00000048f2700000)]
  0x00000169a0fc5800 JavaThread "C2 CompilerThread2" daemon [_thread_blocked, id=130640, stack(0x00000048f2500000,0x00000048f2600000)]
  0x00000169a0fc3800 JavaThread "C2 CompilerThread1" daemon [_thread_blocked, id=130316, stack(0x00000048f2400000,0x00000048f2500000)]
  0x00000169a0fc0800 JavaThread "C2 CompilerThread0" daemon [_thread_blocked, id=65916, stack(0x00000048f2300000,0x00000048f2400000)]
  0x00000169a0fbf000 JavaThread "Monitor Ctrl-Break" daemon [_thread_in_native, id=120928, stack(0x00000048f2200000,0x00000048f2300000)]
  0x000001699eacb000 JavaThread "Attach Listener" daemon [_thread_blocked, id=120416, stack(0x00000048f2100000,0x00000048f2200000)]
  0x000001699eab7000 JavaThread "Signal Dispatcher" daemon [_thread_blocked, id=128652, stack(0x00000048f2000000,0x00000048f2100000)]
  0x000001699ea89000 JavaThread "Finalizer" daemon [_thread_blocked, id=129752, stack(0x00000048f1f00000,0x00000048f2000000)]
  0x000001699ea81800 JavaThread "Reference Handler" daemon [_thread_blocked, id=124776, stack(0x00000048f1e00000,0x00000048f1f00000)]

Other Threads:
  0x000001699ea59000 VMThread [stack: 0x00000048f1d00000,0x00000048f1e00000] [id=130112]
  0x00000169a1088800 WatcherThread [stack: 0x00000048f2800000,0x00000048f2900000] [id=130148]

VM state:not at safepoint (normal execution)

VM Mutex/Monitor currently owned by a thread: None

heap address: 0x00000006c5800000, size: 4008 MB, Compressed Oops mode: Zero based, Oop shift amount: 3
Narrow klass base: 0x0000000000000000, Narrow klass shift: 3
Compressed class space size: 1073741824 Address: 0x00000007c0000000

Heap:
 PSYoungGen      total 75264K, used 49723K [0x000000076c800000, 0x0000000771c00000, 0x00000007c0000000)
  eden space 64512K, 77% used [0x000000076c800000,0x000000076f88ecc8,0x0000000770700000)
  from space 10752K, 0% used [0x0000000771180000,0x0000000771180000,0x0000000771c00000)
  to   space 10752K, 0% used [0x0000000770700000,0x0000000770700000,0x0000000771180000)
 ParOldGen       total 172032K, used 0K [0x00000006c5800000, 0x00000006d0000000, 0x000000076c800000)
  object space 172032K, 0% used [0x00000006c5800000,0x00000006c5800000,0x00000006d0000000)
 Metaspace       used 11844K, capacity 12114K, committed 12288K, reserved 1060864K
  class space    used 1395K, capacity 1454K, committed 1536K, reserved 1048576K

Card table byte_map: [0x0000016994da0000,0x0000016995580000] byte_map_base: 0x0000016991774000

Marking Bits: (ParMarkBitMap*) 0x000000005bc64fb0
 Begin Bits: [0x0000016995ac0000, 0x0000016999960000)
 End Bits:   [0x0000016999960000, 0x000001699d800000)

Polling page: 0x0000016984160000

CodeCache: size=245760Kb used=4314Kb max_used=4330Kb free=241445Kb
 bounds [0x00000169859e0000, 0x0000016985e20000, 0x00000169949e0000]
 total_blobs=1587 nmethods=1096 adapters=403
 compilation: enabled

Compilation events (10 events):
Event: 194.169 Thread 0x00000169a0fc3800 1123       4       java.security.AccessControlContext::combine (205 bytes)
Event: 194.178 Thread 0x00000169a0fc3800 nmethod 1123 0x0000016985e191d0 code [0x0000016985e19320, 0x0000016985e19958]
Event: 194.182 Thread 0x00000169a0fc8800 1124       3       java.awt.Container::getListenersCount (52 bytes)
Event: 194.183 Thread 0x00000169a0fc8800 nmethod 1124 0x0000016985e0a990 code [0x0000016985e0ab20, 0x0000016985e0b020]
Event: 194.446 Thread 0x00000169a0fc8800 1125       3       java.awt.event.InvocationEvent::getWhen (5 bytes)
Event: 194.446 Thread 0x00000169a0fc8800 nmethod 1125 0x0000016985de4950 code [0x0000016985de4aa0, 0x0000016985de4bf8]
Event: 194.563 Thread 0x00000169a0fc0800 1126   !   4       sun.misc.URLClassPath$JarLoader::getResource (85 bytes)
Event: 194.563 Thread 0x00000169a0fc8800 1127       3       sun.net.util.IPAddressUtil::scan (92 bytes)
Event: 194.563 Thread 0x00000169a0fc8800 nmethod 1127 0x0000016985e09a50 code [0x0000016985e09c20, 0x0000016985e0a450]
Event: 194.578 Thread 0x00000169a0fc0800 nmethod 1126 0x0000016985e1c750 code [0x0000016985e1c9c0, 0x0000016985e1dde8]

GC Heap History (0 events):
No events

Deoptimization events (10 events):
Event: 10.738 Thread 0x00000169a110a000 Uncommon trap: reason=class_check action=maybe_recompile pc=0x0000016985b8b6f4 method=java.lang.String.equals(Ljava/lang/Object;)Z @ 8
Event: 10.738 Thread 0x00000169a110a000 Uncommon trap: reason=class_check action=maybe_recompile pc=0x0000016985b8b6f4 method=java.lang.String.equals(Ljava/lang/Object;)Z @ 8
Event: 10.915 Thread 0x00000169a110a000 Uncommon trap: reason=unstable_if action=reinterpret pc=0x0000016985be5d98 method=java.lang.String.toLowerCase(Ljava/util/Locale;)Ljava/lang/String; @ 37
Event: 10.992 Thread 0x00000169a110a000 Uncommon trap: reason=class_check action=maybe_recompile pc=0x0000016985cb1ee8 method=java.nio.charset.CharsetDecoder.decode(Ljava/nio/ByteBuffer;Ljava/nio/CharBuffer;Z)Ljava/nio/charset/CoderResult; @ 57
Event: 190.244 Thread 0x00000169a110a000 Uncommon trap: reason=unstable_if action=reinterpret pc=0x0000016985d95d14 method=java.security.AccessControlContext.optimize()Ljava/security/AccessControlContext; @ 220
Event: 190.250 Thread 0x00000169a110a000 Uncommon trap: reason=unstable_if action=reinterpret pc=0x0000016985d78140 method=java.lang.Integer.getChars(II[C)V @ 20
Event: 190.407 Thread 0x00000169a110a000 Uncommon trap: reason=unstable_if action=reinterpret pc=0x0000016985d7ff48 method=java.lang.CharacterDataLatin1.toUpperCaseEx(I)I @ 12
Event: 190.407 Thread 0x00000169a110a000 Uncommon trap: reason=unstable_if action=reinterpret pc=0x0000016985ae53d4 method=java.lang.CharacterDataLatin1.toUpperCaseEx(I)I @ 12
Event: 190.567 Thread 0x00000169a110a000 Uncommon trap: reason=unstable_if action=reinterpret pc=0x0000016985bb45ac method=java.lang.AbstractStringBuilder.append(Ljava/lang/String;)Ljava/lang/AbstractStringBuilder; @ 1
Event: 190.568 Thread 0x00000169a110a000 Uncommon trap: reason=unstable_if action=reinterpret pc=0x0000016985bad724 method=java.lang.AbstractStringBuilder.append(Ljava/lang/String;)Ljava/lang/AbstractStringBuilder; @ 1

Classes redefined (0 events):
No events

Internal exceptions (10 events):
Event: 0.142 Thread 0x0000016983f8b800 Exception <a 'java/security/PrivilegedActionException'> (0x000000076ca19bc8) thrown at [C:\jenkins\workspace\8-2-build-windows-amd64-cygwin\jdk8u261\295\hotspot\src\share\vm\prims\jvm.cpp, line 1512]
Event: 0.147 Thread 0x0000016983f8b800 Exception <a 'java/io/FileNotFoundException'> (0x000000076ca329e0) thrown at [C:\jenkins\workspace\8-2-build-windows-amd64-cygwin\jdk8u261\295\hotspot\src\share\vm\prims\jni.cpp, line 710]
Event: 0.170 Thread 0x0000016983f8b800 Exception <a 'java/lang/NoSuchFieldError': method resolution failed> (0x000000076cde9510) thrown at [C:\jenkins\workspace\8-2-build-windows-amd64-cygwin\jdk8u261\295\hotspot\src\share\vm\prims\methodHandles.cpp, line 1169]
Event: 0.171 Thread 0x0000016983f8b800 Exception <a 'java/lang/NoSuchFieldError': method resolution failed> (0x000000076cdf7388) thrown at [C:\jenkins\workspace\8-2-build-windows-amd64-cygwin\jdk8u261\295\hotspot\src\share\vm\prims\methodHandles.cpp, line 1169]
Event: 0.199 Thread 0x0000016983f8b800 Exception <a 'java/io/FileNotFoundException'> (0x000000076cf5c8c8) thrown at [C:\jenkins\workspace\8-2-build-windows-amd64-cygwin\jdk8u261\295\hotspot\src\share\vm\prims\jni.cpp, line 710]
Event: 0.228 Thread 0x0000016983f8b800 Implicit null exception at 0x0000016985b692db to 0x0000016985b694cd
Event: 10.589 Thread 0x0000016983f8b800 Exception <a 'java/io/FileNotFoundException'> (0x000000076d65cc48) thrown at [C:\jenkins\workspace\8-2-build-windows-amd64-cygwin\jdk8u261\295\hotspot\src\share\vm\prims\jni.cpp, line 710]
Event: 10.589 Thread 0x0000016983f8b800 Exception <a 'java/lang/NullPointerException'> (0x000000076d65d280) thrown at [C:\jenkins\workspace\8-2-build-windows-amd64-cygwin\jdk8u261\295\hotspot\src\share\vm\interpreter\linkResolver.cpp, line 1185]
Event: 190.567 Thread 0x00000169a110a000 Implicit null exception at 0x0000016985bb41d6 to 0x0000016985bb4595
Event: 190.568 Thread 0x00000169a110a000 Implicit null exception at 0x0000016985bad356 to 0x0000016985bad70d

Events (10 events):
Event: 191.856 loading class sun/awt/SunToolkit$1
Event: 191.856 loading class sun/awt/SunToolkit$1 done
Event: 191.860 loading class java/awt/Window$1DisposeAction
Event: 191.862 loading class java/awt/Window$1DisposeAction done
Event: 191.862 loading class java/awt/LightweightDispatcher$2
Event: 191.870 loading class java/awt/LightweightDispatcher$2 done
Event: 191.870 Thread 0x00000169a110a000 DEOPT PACKING pc=0x0000016985d2affc sp=0x00000048f2cfd360
Event: 191.870 Thread 0x00000169a110a000 DEOPT UNPACKING pc=0x0000016985a27898 sp=0x00000048f2cfd150 mode 0
Event: 194.563 loading class gnu/io/SerialPortEvent
Event: 194.563 loading class gnu/io/SerialPortEvent done


Dynamic libraries:
0x00007ff71fd80000 - 0x00007ff71fdc7000 	D:\JDKs\jdk1.8\bin\java.exe
0x00007ffa9dd10000 - 0x00007ffa9df05000 	C:\WINDOWS\SYSTEM32\ntdll.dll
0x00007ffa9d6f0000 - 0x00007ffa9d7ae000 	C:\WINDOWS\System32\KERNEL32.DLL
0x00007ffa9b760000 - 0x00007ffa9ba28000 	C:\WINDOWS\System32\KERNELBASE.dll
0x00007ffa9d2f0000 - 0x00007ffa9d39c000 	C:\WINDOWS\System32\ADVAPI32.dll
0x00007ffa9ce40000 - 0x00007ffa9cede000 	C:\WINDOWS\System32\msvcrt.dll
0x00007ffa9c920000 - 0x00007ffa9c9bb000 	C:\WINDOWS\System32\sechost.dll
0x00007ffa9cb00000 - 0x00007ffa9cc2a000 	C:\WINDOWS\System32\RPCRT4.dll
0x00007ffa9cc30000 - 0x00007ffa9cdd1000 	C:\WINDOWS\System32\USER32.dll
0x00007ffa9b4c0000 - 0x00007ffa9b4e2000 	C:\WINDOWS\System32\win32u.dll
0x00007ffa9d170000 - 0x00007ffa9d19b000 	C:\WINDOWS\System32\GDI32.dll
0x00007ffa9ba30000 - 0x00007ffa9bb3b000 	C:\WINDOWS\System32\gdi32full.dll
0x00007ffa9bb40000 - 0x00007ffa9bbdd000 	C:\WINDOWS\System32\msvcp_win.dll
0x00007ffa9bbe0000 - 0x00007ffa9bce0000 	C:\WINDOWS\System32\ucrtbase.dll
0x00007ffa80ce0000 - 0x00007ffa80f7a000 	C:\WINDOWS\WinSxS\amd64_microsoft.windows.common-controls_6595b64144ccf1df_6.0.19041.1110_none_60b5254171f9507e\COMCTL32.dll
0x00007ffa9dca0000 - 0x00007ffa9dcd0000 	C:\WINDOWS\System32\IMM32.DLL
0x00007ffa71e50000 - 0x00007ffa71e65000 	D:\JDKs\jdk1.8\jre\bin\vcruntime140.dll
0x00007ffa53280000 - 0x00007ffa5331b000 	D:\JDKs\jdk1.8\jre\bin\msvcp140.dll
0x000000005b470000 - 0x000000005bcdc000 	D:\JDKs\jdk1.8\jre\bin\server\jvm.dll
0x00007ffa9d160000 - 0x00007ffa9d168000 	C:\WINDOWS\System32\PSAPI.DLL
0x00007ffa94a20000 - 0x00007ffa94a2a000 	C:\WINDOWS\SYSTEM32\VERSION.dll
0x00007ffa87cd0000 - 0x00007ffa87cf7000 	C:\WINDOWS\SYSTEM32\WINMM.dll
0x00007ffa867b0000 - 0x00007ffa867b9000 	C:\WINDOWS\SYSTEM32\WSOCK32.dll
0x00007ffa9d1a0000 - 0x00007ffa9d20b000 	C:\WINDOWS\System32\WS2_32.dll
0x00007ffa99cd0000 - 0x00007ffa99ce2000 	C:\WINDOWS\SYSTEM32\kernel.appcore.dll
0x00007ffa911e0000 - 0x00007ffa911f0000 	D:\JDKs\jdk1.8\jre\bin\verify.dll
0x00007ffa71c60000 - 0x00007ffa71c8b000 	D:\JDKs\jdk1.8\jre\bin\java.dll
0x00007ffa91110000 - 0x00007ffa91142000 	D:\JDKs\jdk1.8\jre\bin\instrument.dll
0x00007ffa65250000 - 0x00007ffa65268000 	D:\JDKs\jdk1.8\jre\bin\zip.dll
0x00007ffa9c1e0000 - 0x00007ffa9c91f000 	C:\WINDOWS\System32\SHELL32.dll
0x00007ffa99530000 - 0x00007ffa99cc0000 	C:\WINDOWS\SYSTEM32\windows.storage.dll
0x00007ffa9d8e0000 - 0x00007ffa9dc35000 	C:\WINDOWS\System32\combase.dll
0x00007ffa9ae10000 - 0x00007ffa9ae3e000 	C:\WINDOWS\SYSTEM32\Wldp.dll
0x00007ffa9d210000 - 0x00007ffa9d2bd000 	C:\WINDOWS\System32\SHCORE.dll
0x00007ffa9dc40000 - 0x00007ffa9dc95000 	C:\WINDOWS\System32\shlwapi.dll
0x00007ffa9b370000 - 0x00007ffa9b38f000 	C:\WINDOWS\SYSTEM32\profapi.dll
0x00007ffa80380000 - 0x00007ffa8039a000 	D:\IntelliJ\IntelliJ IDEA 2020.2.3\bin\breakgen64.dll
0x00007ffa64fd0000 - 0x00007ffa64fec000 	D:\JDKs\jdk1.8\jre\bin\net.dll
0x00007ffa9ab10000 - 0x00007ffa9ab7a000 	C:\WINDOWS\system32\mswsock.dll
0x00007ffa4f8f0000 - 0x00007ffa4fa84000 	D:\JDKs\jdk1.8\jre\bin\awt.dll
0x00007ffa9cee0000 - 0x00007ffa9cfad000 	C:\WINDOWS\System32\OLEAUT32.dll
0x00007ffa98860000 - 0x00007ffa988f0000 	C:\WINDOWS\SYSTEM32\apphelp.dll
0x00007ffa98cc0000 - 0x00007ffa98cef000 	C:\WINDOWS\system32\DWMAPI.DLL
0x00007ffa98a50000 - 0x00007ffa98aee000 	C:\WINDOWS\system32\uxtheme.dll
0x00007ffa6ec00000 - 0x00007ffa6ed25000 	C:\WINDOWS\system32\opengl32.dll
0x00007ffa71db0000 - 0x00007ffa71ddc000 	C:\WINDOWS\SYSTEM32\GLU32.dll
0x00007ffa9cfb0000 - 0x00007ffa9d0c5000 	C:\WINDOWS\System32\MSCTF.dll
0x00007ffa9d7b0000 - 0x00007ffa9d8da000 	C:\WINDOWS\System32\ole32.dll
0x00007ffa9b430000 - 0x00007ffa9b4b3000 	C:\WINDOWS\System32\bcryptPrimitives.dll
0x0000000180000000 - 0x0000000180025000 	C:\Users\ACHENGE\AppData\Local\Temp\rxtxSerial-amd64-2.2.2.dll
0x00007ffa6fbc0000 - 0x00007ffa6fc09000 	D:\JDKs\jdk1.8\jre\bin\fontmanager.dll
0x00007ffa8def0000 - 0x00007ffa8dfe9000 	C:\WINDOWS\SYSTEM32\textinputframework.dll
0x00007ffa98540000 - 0x00007ffa98632000 	C:\WINDOWS\System32\CoreMessaging.dll
0x00007ffa981e0000 - 0x00007ffa9853e000 	C:\WINDOWS\System32\CoreUIComponents.dll
0x00007ffa96e80000 - 0x00007ffa96fd4000 	C:\WINDOWS\SYSTEM32\wintypes.dll
0x00007ffa9a120000 - 0x00007ffa9a153000 	C:\WINDOWS\SYSTEM32\ntmarta.dll
0x00007ffa874b0000 - 0x00007ffa8755c000 	C:\WINDOWS\SYSTEM32\TextShaping.dll
0x00007ffa63810000 - 0x00007ffa63823000 	D:\JDKs\jdk1.8\jre\bin\nio.dll
0x00007ffa6fb70000 - 0x00007ffa6fbb3000 	D:\JDKs\jdk1.8\jre\bin\t2k.dll
0x00007ffa99250000 - 0x00007ffa99434000 	C:\WINDOWS\SYSTEM32\dbghelp.dll

VM Arguments:
jvm_args: -Dfile.encoding=GBK -javaagent:D:\IntelliJ\IntelliJ IDEA 2020.2.3\lib\idea_rt.jar=51811:D:\IntelliJ\IntelliJ IDEA 2020.2.3\bin 
java_command: com.acg.app.Client
java_class_path (initial): D:\JDKs\jdk1.8\jre\lib\charsets.jar;D:\JDKs\jdk1.8\jre\lib\deploy.jar;D:\JDKs\jdk1.8\jre\lib\ext\access-bridge-64.jar;D:\JDKs\jdk1.8\jre\lib\ext\cldrdata.jar;D:\JDKs\jdk1.8\jre\lib\ext\dnsns.jar;D:\JDKs\jdk1.8\jre\lib\ext\jaccess.jar;D:\JDKs\jdk1.8\jre\lib\ext\jfxrt.jar;D:\JDKs\jdk1.8\jre\lib\ext\localedata.jar;D:\JDKs\jdk1.8\jre\lib\ext\nashorn.jar;D:\JDKs\jdk1.8\jre\lib\ext\sunec.jar;D:\JDKs\jdk1.8\jre\lib\ext\sunjce_provider.jar;D:\JDKs\jdk1.8\jre\lib\ext\sunmscapi.jar;D:\JDKs\jdk1.8\jre\lib\ext\sunpkcs11.jar;D:\JDKs\jdk1.8\jre\lib\ext\zipfs.jar;D:\JDKs\jdk1.8\jre\lib\javaws.jar;D:\JDKs\jdk1.8\jre\lib\jce.jar;D:\JDKs\jdk1.8\jre\lib\jfr.jar;D:\JDKs\jdk1.8\jre\lib\jfxswt.jar;D:\JDKs\jdk1.8\jre\lib\jsse.jar;D:\JDKs\jdk1.8\jre\lib\management-agent.jar;D:\JDKs\jdk1.8\jre\lib\plugin.jar;D:\JDKs\jdk1.8\jre\lib\resources.jar;D:\JDKs\jdk1.8\jre\lib\rt.jar;D:\hadoop\myproject\DataVisualizationPlatform\CommonSerialPortInteractivePlatform\target\classes;D:\maven\repository\name\prokop\bart\rxtx\rxtx\2.2.2\rxtx-2.2.2.jar;D:\maven\repository\mysql\mysql-connector-java\5.1.47\mysql-connector-java-5.1.47.jar;D:\maven\repository\com\mchange\c3p0\0.9.5.2\c3p0-0.9.5.2.jar;D:\maven\repository\com\mchange\mchange-commons-java\0.2.11\mchange-commons-java-0.2.11.jar;D:\maven\repository\org\mybatis\mybatis\3.5.3\mybatis-3.5.3.jar;D:\maven\repository\log4j\log4j\1.2.17\log4j-1.2.17.jar;D:\maven\repository\org\slf4j\slf4j-api\1.7.25\slf4j-api-1.7.25.jar;D:\maven\repository\org\slf4j\slf4j-log4j12\1.7.25\slf4j-log4j12-1.7.25.jar;D:\maven\repository\org\mybatis\mybatis-spring\2.0.2\mybatis-spring-2.0.2.jar;D:\maven\repository\org\springframework\spring-jdbc\5.2.9.RELEASE\spring-jdbc-5.2.9.RELEASE.jar;D:\maven\repository\org\springframework\spring-beans\5.2.9.RELEASE\spring-beans-5.2.9.RELEASE.jar;D:\maven\repository\org\springframework\spring-core\5.2.9.RELEASE\spring-core-5.2.9.RELEASE.jar;D:\maven\repository\org\springframework\spring-jcl\5.2.9.RELEASE\spring-
Launcher Type: SUN_STANDARD

Environment Variables:
JAVA_HOME=D:\JDKs\jdk12
PATH=D:\spss\ext\bin\spss.TMWBServer\bin;D:\maven\apache-maven-3.6.3\bin;C:\Program Files (x86)\Common Files\Oracle\Java\javapath;C:\Windows\system32;C:\Windows;C:\Windows\System32\Wbem;C:\Windows\System32\WindowsPowerShell\v1.0\;C:\Windows\System32\OpenSSH\;D:\JDKs\jdk12\bin;C:\Program Files\MySQL\MySQL Server 5.5\bin;D:\Git\cmd;;C:\WINDOWS\system32;C:\WINDOWS;C:\WINDOWS\System32\Wbem;C:\WINDOWS\System32\WindowsPowerShell\v1.0\;C:\WINDOWS\System32\OpenSSH\;D:\hadoop\Xshell\Xshell7\;D:\hadoop\Xftp\Xftp7\;D:\python\python3.8.6\Scripts\;D:\python\python3.8.6\;C:\Users\ACHENGE\AppData\Local\Microsoft\WindowsApps;D:\IntelliJ\IntelliJ IDEA 2020.2.3\bin;;D:\pycharm\PyCharm Community Edition 2020.2.3\bin;;D:\python\venv\Scripts\;C:\Users\ACHENGE\AppData\Local\GitHubDesktop\bin;D:\tomcat server\apache-tomcat-9.0.37\bin;D:\hadoop\plugin\hadoop-3.1.0\bin;D:\spark\scala\scala-2.12.11\bin;
USERNAME=ACHENGE
OS=Windows_NT
PROCESSOR_IDENTIFIER=Intel64 Family 6 Model 165 Stepping 3, GenuineIntel



---------------  S Y S T E M  ---------------

OS: Windows 10.0 , 64 bit Build 19041 (10.0.19041.1348)

CPU:total 12 (initial active 12) (6 cores per cpu, 2 threads per core) family 6 model 165 stepping 3, cmov, cx8, fxsr, mmx, sse, sse2, sse3, ssse3, sse4.1, sse4.2, popcnt, avx, avx2, aes, clmul, erms, 3dnowpref, lzcnt, ht, tsc, tscinvbit, bmi1, bmi2, adx

Memory: 4k page, physical 16411332k(789576k free), swap 29498612k(3826344k free)

vm_info: Java HotSpot(TM) 64-Bit Server VM (25.261-b12) for windows-amd64 JRE (1.8.0_261-b12), built on Jun 18 2020 06:56:32 by "" with unknown MS VC++:1916

time: Fri Nov 26 13:15:56 2021
timezone: 中国标准时间
elapsed time: 194 seconds (0d 0h 3m 14s)

