#
# A fatal error has been detected by the Java Runtime Environment:
#
#  EXCEPTION_ACCESS_VIOLATION (0xc0000005) at pc=0x0000000180005b00, pid=23892, tid=0x0000000000005d4c
#
# JRE version: Java(TM) SE Runtime Environment (8.0_261-b12) (build 1.8.0_261-b12)
# Java VM: Java HotSpot(TM) 64-Bit Server VM (25.261-b12 mixed mode windows-amd64 compressed oops)
# Problematic frame:
# C  [rxtxSerial.dll+0x5b00]
#
# Failed to write core dump. Minidumps are not enabled by default on client versions of Windows
#
# If you would like to submit a bug report, please visit:
#   http://bugreport.java.com/bugreport/crash.jsp
# The crash happened outside the Java Virtual Machine in native code.
# See problematic frame for where to report the bug.
#

---------------  T H R E A D  ---------------

Current thread (0x000001fc08f16000):  JavaThread "Thread-3" [_thread_in_native, id=23884, stack(0x0000000c4c300000,0x0000000c4c400000)]

siginfo: ExceptionCode=0xc0000005, reading address 0x000000004c3fec98

Registers:
RAX=0x0000000000000001, RBX=0x0000000000000000, RCX=0x000000018001d4d5, RDX=0xfffffffffffff665
RSP=0x0000000c4c3fe1a0, RBP=0x00000000ffffffff, RSI=0x0000000000000000, RDI=0x000001fc08f161f8
R8 =0x0000000000000002, R9 =0xfffffffffffff63c, R10=0x00000000000000be, R11=0x8101010101010100
R12=0x000000004c3fec90, R13=0x000000000000000b, R14=0x0000000c4c3fe388, R15=0x0000000000000000
RIP=0x0000000180005b00, EFLAGS=0x0000000000010202

Top of Stack: (sp=0x0000000c4c3fe1a0)
0x0000000c4c3fe1a0:   0000000000000000 000000004c3fec90
0x0000000c4c3fe1b0:   0000000000000000 0000000000000000
0x0000000c4c3fe1c0:   0000000000000000 0000000c4c3fe388
0x0000000c4c3fe1d0:   000001fc7dfa33c0 0000000000000001
0x0000000c4c3fe1e0:   000001fc08f161f8 000000000000000b
0x0000000c4c3fe1f0:   ffffffffffffffff 0000000180006211
0x0000000c4c3fe200:   000001fc0bac5bb0 ffffffffffffffff
0x0000000c4c3fe210:   0000000000000001 000001fc0bac5bb0
0x0000000c4c3fe220:   000001fc0000000b 0000000cffffffff
0x0000000c4c3fe230:   0000000c4c3fe390 000000005f8028eb
0x0000000c4c3fe240:   0000000c4c3fe270 0000000000000000
0x0000000c4c3fe250:   000001fc79014000 000001fc08957bc0
0x0000000c4c3fe260:   000001fc7dfa33c8 000001fc08f16000
0x0000000c4c3fe270:   000001fc7dfa33c8 0000e4de59991d16
0x0000000c4c3fe280:   000001fc6d287dc0 000001fc7dfa33c0
0x0000000c4c3fe290:   000001fc08f16000 0000000c4c3fe390 

Instructions: (pc=0x0000000180005b00)
0x0000000180005ae0:   15 23 7a 01 00 48 8d 48 60 e8 3a 5d 00 00 4c 8b
0x0000000180005af0:   e5 8b ac 24 88 00 00 00 44 8b ac 24 80 00 00 00
0x0000000180005b00:   45 8b 74 24 08 41 89 5c 24 08 41 8b fd 85 ed 78
0x0000000180005b10:   09 ff 15 e9 14 01 00 44 8b f8 45 85 ed 7e 4a 90 


Register to memory mapping:

RAX=0x0000000000000001 is an unknown value
RBX=0x0000000000000000 is an unknown value
RCX=0x000000018001d4d5 is an unknown value
RDX=0xfffffffffffff665 is an unknown value
RSP=0x0000000c4c3fe1a0 is pointing into the stack for thread: 0x000001fc08f16000
RBP=0x00000000ffffffff is an unknown value
RSI=0x0000000000000000 is an unknown value
RDI=0x000001fc08f161f8 is an unknown value
R8 =0x0000000000000002 is an unknown value
R9 =0xfffffffffffff63c is an unknown value
R10=0x00000000000000be is an unknown value
R11=0x8101010101010100 is an unknown value
R12=0x000000004c3fec90 is an unknown value
R13=0x000000000000000b is an unknown value
R14=0x0000000c4c3fe388 is pointing into the stack for thread: 0x000001fc08f16000
R15=0x0000000000000000 is an unknown value


Stack: [0x0000000c4c300000,0x0000000c4c400000],  sp=0x0000000c4c3fe1a0,  free space=1016k
Native frames: (J=compiled Java code, j=interpreted, Vv=VM code, C=native code)
C  [rxtxSerial.dll+0x5b00]
C  [rxtxSerial.dll+0x6211]
C  0x000001fc6d299f4e

Java frames: (J=compiled Java code, j=interpreted, Vv=VM code)
j  gnu.io.RXTXPort.readArray([BII)I+0
j  gnu.io.RXTXPort$SerialInputStream.read([BII)I+212
j  gnu.io.RXTXPort$SerialInputStream.read([B)I+60
j  com.acg.util.SerialTool.readFromPort(Lgnu/io/SerialPort;)[B+21
j  com.acg.app.DataViewApp$SerialListener.serialEvent(Lgnu/io/SerialPortEvent;)V+73
j  gnu.io.RXTXPort.sendEvent(IZ)Z+382
v  ~StubRoutines::call_stub
j  gnu.io.RXTXPort.eventLoop()V+0
j  gnu.io.RXTXPort$MonitorThread.run()V+12
v  ~StubRoutines::call_stub

---------------  P R O C E S S  ---------------

Java Threads: ( => current thread )
=>0x000001fc08f16000 JavaThread "Thread-3" [_thread_in_native, id=23884, stack(0x0000000c4c300000,0x0000000c4c400000)]
  0x000001fc6b8dc800 JavaThread "DestroyJavaVM" [_thread_blocked, id=24044, stack(0x0000000c4a700000,0x0000000c4a800000)]
  0x000001fc08d41800 JavaThread "Thread-2" [_thread_in_native, id=23472, stack(0x0000000c4c200000,0x0000000c4c300000)]
  0x000001fc08eb2800 JavaThread "AWT-EventQueue-0" [_thread_blocked, id=20088, stack(0x0000000c4c100000,0x0000000c4c200000)]
  0x000001fc08ea8000 JavaThread "AWT-Shutdown" [_thread_blocked, id=21032, stack(0x0000000c4bf00000,0x0000000c4c000000)]
  0x000001fc08de4000 JavaThread "AWT-Windows" daemon [_thread_in_native, id=20852, stack(0x0000000c4c000000,0x0000000c4c100000)]
  0x000001fc08ddc000 JavaThread "Java2D Disposer" daemon [_thread_blocked, id=22464, stack(0x0000000c4be00000,0x0000000c4bf00000)]
  0x000001fc089d4000 JavaThread "Service Thread" daemon [_thread_blocked, id=21552, stack(0x0000000c4bc00000,0x0000000c4bd00000)]
  0x000001fc08912800 JavaThread "C1 CompilerThread3" daemon [_thread_blocked, id=23212, stack(0x0000000c4bb00000,0x0000000c4bc00000)]
  0x000001fc0890f800 JavaThread "C2 CompilerThread2" daemon [_thread_blocked, id=20220, stack(0x0000000c4ba00000,0x0000000c4bb00000)]
  0x000001fc0890b800 JavaThread "C2 CompilerThread1" daemon [_thread_blocked, id=22904, stack(0x0000000c4b900000,0x0000000c4ba00000)]
  0x000001fc08909000 JavaThread "C2 CompilerThread0" daemon [_thread_blocked, id=19744, stack(0x0000000c4b800000,0x0000000c4b900000)]
  0x000001fc08907000 JavaThread "Monitor Ctrl-Break" daemon [_thread_in_native, id=21788, stack(0x0000000c4b700000,0x0000000c4b800000)]
  0x000001fc7e660800 JavaThread "Attach Listener" daemon [_thread_blocked, id=18284, stack(0x0000000c4b600000,0x0000000c4b700000)]
  0x000001fc08823800 JavaThread "Signal Dispatcher" daemon [_thread_blocked, id=21940, stack(0x0000000c4b500000,0x0000000c4b600000)]
  0x000001fc7e634000 JavaThread "Finalizer" daemon [_thread_blocked, id=21512, stack(0x0000000c4b400000,0x0000000c4b500000)]
  0x000001fc7e62d000 JavaThread "Reference Handler" daemon [_thread_blocked, id=23400, stack(0x0000000c4b300000,0x0000000c4b400000)]

Other Threads:
  0x000001fc7e605800 VMThread [stack: 0x0000000c4b200000,0x0000000c4b300000] [id=20772]
  0x000001fc089e0000 WatcherThread [stack: 0x0000000c4bd00000,0x0000000c4be00000] [id=22096]

VM state:not at safepoint (normal execution)

VM Mutex/Monitor currently owned by a thread: None

heap address: 0x00000006c5800000, size: 4008 MB, Compressed Oops mode: Zero based, Oop shift amount: 3
Narrow klass base: 0x0000000000000000, Narrow klass shift: 3
Compressed class space size: 1073741824 Address: 0x00000007c0000000

Heap:
 PSYoungGen      total 75264K, used 38080K [0x000000076c800000, 0x0000000771c00000, 0x00000007c0000000)
  eden space 64512K, 59% used [0x000000076c800000,0x000000076ed30110,0x0000000770700000)
  from space 10752K, 0% used [0x0000000771180000,0x0000000771180000,0x0000000771c00000)
  to   space 10752K, 0% used [0x0000000770700000,0x0000000770700000,0x0000000771180000)
 ParOldGen       total 172032K, used 0K [0x00000006c5800000, 0x00000006d0000000, 0x000000076c800000)
  object space 172032K, 0% used [0x00000006c5800000,0x00000006c5800000,0x00000006d0000000)
 Metaspace       used 11236K, capacity 11484K, committed 11776K, reserved 1058816K
  class space    used 1344K, capacity 1415K, committed 1536K, reserved 1048576K

Card table byte_map: [0x000001fc7c640000,0x000001fc7ce20000] byte_map_base: 0x000001fc79014000

Marking Bits: (ParMarkBitMap*) 0x000000005ff24fb0
 Begin Bits: [0x000001fc00000000, 0x000001fc03ea0000)
 End Bits:   [0x000001fc03ea0000, 0x000001fc07d40000)

Polling page: 0x000001fc6d250000

CodeCache: size=245760Kb used=4105Kb max_used=4112Kb free=241654Kb
 bounds [0x000001fc6d280000, 0x000001fc6d690000, 0x000001fc7c280000]
 total_blobs=1461 nmethods=979 adapters=395
 compilation: enabled

Compilation events (10 events):
Event: 21.380 Thread 0x000001fc0890f800  985       4       java.lang.CharacterDataLatin1::toUpperCaseEx (71 bytes)
Event: 21.381 Thread 0x000001fc0890f800 nmethod 985 0x000001fc6d684fd0 code [0x000001fc6d685100, 0x000001fc6d6851d8]
Event: 22.257 Thread 0x000001fc08912800  986       1       java.awt.AWTEvent::isConsumed (5 bytes)
Event: 22.257 Thread 0x000001fc08912800 nmethod 986 0x000001fc6d6847d0 code [0x000001fc6d684920, 0x000001fc6d684a38]
Event: 22.426 Thread 0x000001fc0890b800  987       4       java.util.concurrent.locks.ReentrantLock::lock (8 bytes)
Event: 22.429 Thread 0x000001fc0890b800 nmethod 987 0x000001fc6d682fd0 code [0x000001fc6d683120, 0x000001fc6d683208]
Event: 22.619 Thread 0x000001fc08909000  988       4       java.util.concurrent.locks.ReentrantLock::unlock (10 bytes)
Event: 22.627 Thread 0x000001fc08909000 nmethod 988 0x000001fc6d682a90 code [0x000001fc6d682be0, 0x000001fc6d682dc8]
Event: 24.989 Thread 0x000001fc08912800  989   !   3       sun.misc.URLClassPath$JarLoader::getResource (85 bytes)
Event: 24.989 Thread 0x000001fc08912800 nmethod 989 0x000001fc6d6835d0 code [0x000001fc6d6837e0, 0x000001fc6d6842a0]

GC Heap History (0 events):
No events

Deoptimization events (8 events):
Event: 0.196 Thread 0x000001fc6b8dc800 Uncommon trap: reason=null_check action=make_not_entrant pc=0x000001fc6d40145c method=java.lang.String.equals(Ljava/lang/Object;)Z @ 8
Event: 10.577 Thread 0x000001fc6b8dc800 Uncommon trap: reason=unstable_if action=reinterpret pc=0x000001fc6d4019c0 method=java.lang.CharacterData.of(I)Ljava/lang/CharacterData; @ 4
Event: 10.679 Thread 0x000001fc08eb2800 Uncommon trap: reason=class_check action=maybe_recompile pc=0x000001fc6d4259b4 method=java.lang.String.equals(Ljava/lang/Object;)Z @ 8
Event: 10.679 Thread 0x000001fc08eb2800 Uncommon trap: reason=class_check action=maybe_recompile pc=0x000001fc6d4259b4 method=java.lang.String.equals(Ljava/lang/Object;)Z @ 8
Event: 10.679 Thread 0x000001fc08eb2800 Uncommon trap: reason=class_check action=maybe_recompile pc=0x000001fc6d4259b4 method=java.lang.String.equals(Ljava/lang/Object;)Z @ 8
Event: 10.679 Thread 0x000001fc08eb2800 Uncommon trap: reason=class_check action=maybe_recompile pc=0x000001fc6d4259b4 method=java.lang.String.equals(Ljava/lang/Object;)Z @ 8
Event: 10.841 Thread 0x000001fc08eb2800 Uncommon trap: reason=unstable_if action=reinterpret pc=0x000001fc6d483018 method=java.lang.String.toLowerCase(Ljava/util/Locale;)Ljava/lang/String; @ 37
Event: 16.275 Thread 0x000001fc08eb2800 Uncommon trap: reason=unstable_if action=reinterpret pc=0x000001fc6d4dede4 method=java.lang.AbstractStringBuilder.append(Ljava/lang/String;)Ljava/lang/AbstractStringBuilder; @ 1

Classes redefined (0 events):
No events

Internal exceptions (10 events):
Event: 5.386 Thread 0x000001fc6b8dc800 Exception <a 'java/io/FileNotFoundException'> (0x000000076d1514e8) thrown at [C:\jenkins\workspace\8-2-build-windows-amd64-cygwin\jdk8u261\295\hotspot\src\share\vm\prims\jni.cpp, line 710]
Event: 10.529 Thread 0x000001fc6b8dc800 Exception <a 'java/io/FileNotFoundException'> (0x000000076d167270) thrown at [C:\jenkins\workspace\8-2-build-windows-amd64-cygwin\jdk8u261\295\hotspot\src\share\vm\prims\jni.cpp, line 710]
Event: 10.549 Thread 0x000001fc6b8dc800 Exception <a 'java/io/FileNotFoundException'> (0x000000076d5e5678) thrown at [C:\jenkins\workspace\8-2-build-windows-amd64-cygwin\jdk8u261\295\hotspot\src\share\vm\prims\jni.cpp, line 710]
Event: 10.549 Thread 0x000001fc6b8dc800 Exception <a 'java/lang/NullPointerException'> (0x000000076d5e5cb0) thrown at [C:\jenkins\workspace\8-2-build-windows-amd64-cygwin\jdk8u261\295\hotspot\src\share\vm\interpreter\linkResolver.cpp, line 1185]
Event: 10.619 Thread 0x000001fc08d41800 Exception <a 'java/io/FileNotFoundException'> (0x000000076d864f48) thrown at [C:\jenkins\workspace\8-2-build-windows-amd64-cygwin\jdk8u261\295\hotspot\src\share\vm\prims\jni.cpp, line 710]
Event: 15.750 Thread 0x000001fc08d41800 Exception <a 'java/io/FileNotFoundException'> (0x000000076d87acd0) thrown at [C:\jenkins\workspace\8-2-build-windows-amd64-cygwin\jdk8u261\295\hotspot\src\share\vm\prims\jni.cpp, line 710]
Event: 16.255 Thread 0x000001fc08d41800 Exception <a 'java/io/FileNotFoundException'> (0x000000076d88a530) thrown at [C:\jenkins\workspace\8-2-build-windows-amd64-cygwin\jdk8u261\295\hotspot\src\share\vm\prims\jni.cpp, line 710]
Event: 16.275 Thread 0x000001fc08eb2800 Implicit null exception at 0x000001fc6d4dea16 to 0x000001fc6d4dedcd
Event: 21.380 Thread 0x000001fc08d41800 Exception <a 'java/io/FileNotFoundException'> (0x000000076d8a02b8) thrown at [C:\jenkins\workspace\8-2-build-windows-amd64-cygwin\jdk8u261\295\hotspot\src\share\vm\prims\jni.cpp, line 710]
Event: 21.888 Thread 0x000001fc08d41800 Exception <a 'java/io/FileNotFoundException'> (0x000000076d8afb18) thrown at [C:\jenkins\workspace\8-2-build-windows-amd64-cygwin\jdk8u261\295\hotspot\src\share\vm\prims\jni.cpp, line 710]

Events (10 events):
Event: 19.338 loading class sun/awt/SunToolkit$1 done
Event: 19.343 loading class java/awt/Window$1DisposeAction
Event: 19.343 loading class java/awt/Window$1DisposeAction done
Event: 19.344 Thread 0x000001fc08eb2800 DEOPT PACKING pc=0x000001fc6d5b92bc sp=0x0000000c4c1fd380
Event: 19.344 Thread 0x000001fc08eb2800 DEOPT UNPACKING pc=0x000001fc6d2c7898 sp=0x0000000c4c1fd170 mode 0
Event: 21.262 Executing VM operation: RevokeBias
Event: 21.262 Executing VM operation: RevokeBias done
Event: 21.262 Thread 0x000001fc08bd2000 Thread exited: 0x000001fc08bd2000
Event: 24.989 loading class gnu/io/SerialPortEvent
Event: 24.989 loading class gnu/io/SerialPortEvent done


Dynamic libraries:
0x00007ff7e2440000 - 0x00007ff7e2487000 	D:\JDKs\jdk1.8\bin\java.exe
0x00007ff97b950000 - 0x00007ff97bb45000 	C:\WINDOWS\SYSTEM32\ntdll.dll
0x00007ff97b1f0000 - 0x00007ff97b2ae000 	C:\WINDOWS\System32\KERNEL32.DLL
0x00007ff979490000 - 0x00007ff979758000 	C:\WINDOWS\System32\KERNELBASE.dll
0x00007ff97b740000 - 0x00007ff97b7ec000 	C:\WINDOWS\System32\ADVAPI32.dll
0x00007ff97a0b0000 - 0x00007ff97a14e000 	C:\WINDOWS\System32\msvcrt.dll
0x00007ff979c70000 - 0x00007ff979d0b000 	C:\WINDOWS\System32\sechost.dll
0x00007ff97ae30000 - 0x00007ff97af5a000 	C:\WINDOWS\System32\RPCRT4.dll
0x00007ff979d10000 - 0x00007ff979eb1000 	C:\WINDOWS\System32\USER32.dll
0x00007ff979760000 - 0x00007ff979782000 	C:\WINDOWS\System32\win32u.dll
0x00007ff979ef0000 - 0x00007ff979f1b000 	C:\WINDOWS\System32\GDI32.dll
0x00007ff9792d0000 - 0x00007ff9793db000 	C:\WINDOWS\System32\gdi32full.dll
0x00007ff9790d0000 - 0x00007ff97916d000 	C:\WINDOWS\System32\msvcp_win.dll
0x00007ff9798a0000 - 0x00007ff9799a0000 	C:\WINDOWS\System32\ucrtbase.dll
0x00007ff961ad0000 - 0x00007ff961d6a000 	C:\WINDOWS\WinSxS\amd64_microsoft.windows.common-controls_6595b64144ccf1df_6.0.19041.1110_none_60b5254171f9507e\COMCTL32.dll
0x00007ff979ec0000 - 0x00007ff979ef0000 	C:\WINDOWS\System32\IMM32.DLL
0x00007ff9762d0000 - 0x00007ff9762e5000 	D:\JDKs\jdk1.8\jre\bin\vcruntime140.dll
0x00007ff9424f0000 - 0x00007ff94258b000 	D:\JDKs\jdk1.8\jre\bin\msvcp140.dll
0x000000005f730000 - 0x000000005ff9c000 	D:\JDKs\jdk1.8\jre\bin\server\jvm.dll
0x00007ff97b1e0000 - 0x00007ff97b1e8000 	C:\WINDOWS\System32\PSAPI.DLL
0x00007ff968ff0000 - 0x00007ff969017000 	C:\WINDOWS\SYSTEM32\WINMM.dll
0x00007ff96a130000 - 0x00007ff96a139000 	C:\WINDOWS\SYSTEM32\WSOCK32.dll
0x00007ff972360000 - 0x00007ff97236a000 	C:\WINDOWS\SYSTEM32\VERSION.dll
0x00007ff97a9b0000 - 0x00007ff97aa1b000 	C:\WINDOWS\System32\WS2_32.dll
0x00007ff977910000 - 0x00007ff977922000 	C:\WINDOWS\SYSTEM32\kernel.appcore.dll
0x00007ff976350000 - 0x00007ff976360000 	D:\JDKs\jdk1.8\jre\bin\verify.dll
0x00007ff955750000 - 0x00007ff95577b000 	D:\JDKs\jdk1.8\jre\bin\java.dll
0x00007ff955710000 - 0x00007ff955742000 	D:\JDKs\jdk1.8\jre\bin\instrument.dll
0x00007ff976290000 - 0x00007ff9762a8000 	D:\JDKs\jdk1.8\jre\bin\zip.dll
0x00007ff97a270000 - 0x00007ff97a9af000 	C:\WINDOWS\System32\SHELL32.dll
0x00007ff977170000 - 0x00007ff977900000 	C:\WINDOWS\SYSTEM32\windows.storage.dll
0x00007ff97aad0000 - 0x00007ff97ae25000 	C:\WINDOWS\System32\combase.dll
0x00007ff978a50000 - 0x00007ff978a7e000 	C:\WINDOWS\SYSTEM32\Wldp.dll
0x00007ff97aa20000 - 0x00007ff97aacd000 	C:\WINDOWS\System32\SHCORE.dll
0x00007ff97a050000 - 0x00007ff97a0a5000 	C:\WINDOWS\System32\shlwapi.dll
0x00007ff978fb0000 - 0x00007ff978fcf000 	C:\WINDOWS\SYSTEM32\profapi.dll
0x00007ff955530000 - 0x00007ff95554a000 	D:\IntelliJ\IntelliJ IDEA 2020.2.3\bin\breakgen64.dll
0x00007ff9612d0000 - 0x00007ff9612ec000 	D:\JDKs\jdk1.8\jre\bin\net.dll
0x00007ff9787b0000 - 0x00007ff97881a000 	C:\WINDOWS\system32\mswsock.dll
0x00007ff92bce0000 - 0x00007ff92be74000 	D:\JDKs\jdk1.8\jre\bin\awt.dll
0x00007ff97af60000 - 0x00007ff97b02d000 	C:\WINDOWS\System32\OLEAUT32.dll
0x00007ff976510000 - 0x00007ff9765a0000 	C:\WINDOWS\SYSTEM32\apphelp.dll
0x00007ff976900000 - 0x00007ff97692f000 	C:\WINDOWS\system32\DWMAPI.DLL
0x00007ff9766f0000 - 0x00007ff97678e000 	C:\WINDOWS\system32\uxtheme.dll
0x00007ff953720000 - 0x00007ff953845000 	C:\WINDOWS\system32\opengl32.dll
0x00007ff9536b0000 - 0x00007ff9536dc000 	C:\WINDOWS\SYSTEM32\GLU32.dll
0x00007ff97b7f0000 - 0x00007ff97b905000 	C:\WINDOWS\System32\MSCTF.dll
0x00007ff979f20000 - 0x00007ff97a04a000 	C:\WINDOWS\System32\ole32.dll
0x00007ff979790000 - 0x00007ff979813000 	C:\WINDOWS\System32\bcryptPrimitives.dll
0x0000000180000000 - 0x0000000180025000 	D:\JDKs\jdk1.8\jre\bin\rxtxSerial.dll
0x00007ff942a50000 - 0x00007ff942a99000 	D:\JDKs\jdk1.8\jre\bin\fontmanager.dll
0x00007ff956640000 - 0x00007ff956739000 	C:\WINDOWS\SYSTEM32\textinputframework.dll
0x00007ff975aa0000 - 0x00007ff975dfe000 	C:\WINDOWS\System32\CoreUIComponents.dll
0x00007ff976180000 - 0x00007ff976272000 	C:\WINDOWS\System32\CoreMessaging.dll
0x00007ff977d60000 - 0x00007ff977d93000 	C:\WINDOWS\SYSTEM32\ntmarta.dll
0x00007ff974ac0000 - 0x00007ff974c14000 	C:\WINDOWS\SYSTEM32\wintypes.dll
0x00007ff952490000 - 0x00007ff95253c000 	C:\WINDOWS\SYSTEM32\TextShaping.dll
0x00007ff950f50000 - 0x00007ff950f63000 	D:\JDKs\jdk1.8\jre\bin\nio.dll
0x00007ff9424a0000 - 0x00007ff9424e3000 	D:\JDKs\jdk1.8\jre\bin\t2k.dll
0x00007ff976e90000 - 0x00007ff977074000 	C:\WINDOWS\SYSTEM32\dbghelp.dll

VM Arguments:
jvm_args: -Dfile.encoding=GBK -javaagent:D:\IntelliJ\IntelliJ IDEA 2020.2.3\lib\idea_rt.jar=61078:D:\IntelliJ\IntelliJ IDEA 2020.2.3\bin 
java_command: com.acg.app.Client
java_class_path (initial): D:\JDKs\jdk1.8\jre\lib\charsets.jar;D:\JDKs\jdk1.8\jre\lib\deploy.jar;D:\JDKs\jdk1.8\jre\lib\ext\access-bridge-64.jar;D:\JDKs\jdk1.8\jre\lib\ext\cldrdata.jar;D:\JDKs\jdk1.8\jre\lib\ext\dnsns.jar;D:\JDKs\jdk1.8\jre\lib\ext\jaccess.jar;D:\JDKs\jdk1.8\jre\lib\ext\jfxrt.jar;D:\JDKs\jdk1.8\jre\lib\ext\localedata.jar;D:\JDKs\jdk1.8\jre\lib\ext\nashorn.jar;D:\JDKs\jdk1.8\jre\lib\ext\sunec.jar;D:\JDKs\jdk1.8\jre\lib\ext\sunjce_provider.jar;D:\JDKs\jdk1.8\jre\lib\ext\sunmscapi.jar;D:\JDKs\jdk1.8\jre\lib\ext\sunpkcs11.jar;D:\JDKs\jdk1.8\jre\lib\ext\zipfs.jar;D:\JDKs\jdk1.8\jre\lib\javaws.jar;D:\JDKs\jdk1.8\jre\lib\jce.jar;D:\JDKs\jdk1.8\jre\lib\jfr.jar;D:\JDKs\jdk1.8\jre\lib\jfxswt.jar;D:\JDKs\jdk1.8\jre\lib\jsse.jar;D:\JDKs\jdk1.8\jre\lib\management-agent.jar;D:\JDKs\jdk1.8\jre\lib\plugin.jar;D:\JDKs\jdk1.8\jre\lib\resources.jar;D:\JDKs\jdk1.8\jre\lib\rt.jar;D:\hadoop\myproject\DataVisualizationPlatform\CommonSerialPortInteractivePlatform\target\classes;D:\java\jar pack\rxtx\mfz-rxtx-2.2-20081207-win-x64\RXTXcomm.jar;D:\maven\repository\mysql\mysql-connector-java\5.1.47\mysql-connector-java-5.1.47.jar;D:\maven\repository\com\mchange\c3p0\0.9.5.2\c3p0-0.9.5.2.jar;D:\maven\repository\com\mchange\mchange-commons-java\0.2.11\mchange-commons-java-0.2.11.jar;D:\maven\repository\org\mybatis\mybatis\3.5.3\mybatis-3.5.3.jar;D:\maven\repository\log4j\log4j\1.2.17\log4j-1.2.17.jar;D:\maven\repository\org\slf4j\slf4j-api\1.7.25\slf4j-api-1.7.25.jar;D:\maven\repository\org\slf4j\slf4j-log4j12\1.7.25\slf4j-log4j12-1.7.25.jar;D:\maven\repository\org\mybatis\mybatis-spring\2.0.2\mybatis-spring-2.0.2.jar;D:\maven\repository\org\springframework\spring-jdbc\5.2.9.RELEASE\spring-jdbc-5.2.9.RELEASE.jar;D:\maven\repository\org\springframework\spring-beans\5.2.9.RELEASE\spring-beans-5.2.9.RELEASE.jar;D:\maven\repository\org\springframework\spring-core\5.2.9.RELEASE\spring-core-5.2.9.RELEASE.jar;D:\maven\repository\org\springframework\spring-jcl\5.2.9.RELEASE\spring-jcl
Launcher Type: SUN_STANDARD

Environment Variables:
JAVA_HOME=D:\JDKs\jdk12
PATH=D:\spss\ext\bin\spss.TMWBServer\bin;D:\maven\apache-maven-3.6.3\bin;C:\Program Files (x86)\Common Files\Oracle\Java\javapath;C:\Windows\system32;C:\Windows;C:\Windows\System32\Wbem;C:\Windows\System32\WindowsPowerShell\v1.0\;C:\Windows\System32\OpenSSH\;D:\JDKs\jdk12\bin;C:\Program Files\MySQL\MySQL Server 5.5\bin;D:\Git\cmd;;C:\WINDOWS\system32;C:\WINDOWS;C:\WINDOWS\System32\Wbem;C:\WINDOWS\System32\WindowsPowerShell\v1.0\;C:\WINDOWS\System32\OpenSSH\;D:\hadoop\Xshell\Xshell7\;D:\hadoop\Xftp\Xftp7\;D:\python\python3.8.6\Scripts\;D:\python\python3.8.6\;C:\Users\ACHENGE\AppData\Local\Microsoft\WindowsApps;D:\IntelliJ\IntelliJ IDEA 2020.2.3\bin;;D:\pycharm\PyCharm Community Edition 2020.2.3\bin;;D:\python\venv\Scripts\;C:\Users\ACHENGE\AppData\Local\GitHubDesktop\bin;D:\tomcat server\apache-tomcat-9.0.37\bin;D:\hadoop\plugin\hadoop-3.1.0\bin;D:\spark\scala\scala-2.12.11\bin;
USERNAME=ACHENGE
OS=Windows_NT
PROCESSOR_IDENTIFIER=Intel64 Family 6 Model 165 Stepping 3, GenuineIntel



---------------  S Y S T E M  ---------------

OS: Windows 10.0 , 64 bit Build 19041 (10.0.19041.1348)

CPU:total 12 (initial active 12) (6 cores per cpu, 2 threads per core) family 6 model 165 stepping 3, cmov, cx8, fxsr, mmx, sse, sse2, sse3, ssse3, sse4.1, sse4.2, popcnt, avx, avx2, aes, clmul, erms, 3dnowpref, lzcnt, ht, tsc, tscinvbit, bmi1, bmi2, adx

Memory: 4k page, physical 16411332k(8271108k free), swap 27421380k(16041440k free)

vm_info: Java HotSpot(TM) 64-Bit Server VM (25.261-b12) for windows-amd64 JRE (1.8.0_261-b12), built on Jun 18 2020 06:56:32 by "" with unknown MS VC++:1916

time: Sun Nov 28 16:36:13 2021
timezone: 中国标准时间
elapsed time: 25 seconds (0d 0h 0m 25s)

